<?xml version="1.0" encoding="UTF-8"?>
<testsuite name="BackendTestTaskClevertec.AppTest" tests="1" skipped="0" failures="0" errors="0" timestamp="2023-08-22T15:28:30" hostname="DESKTOP-OUUP2FC" time="0.04">
  <properties/>
  <testcase name="appHasAGreeting()" classname="BackendTestTaskClevertec.AppTest" time="0.04"/>
  <system-out><![CDATA[]]></system-out>
  <system-err><![CDATA[]]></system-err>
</testsuite>
